<?xml version="1.0" encoding="UTF-8"?>
<feed xmlns="http://www.w3.org/2005/Atom" xmlns:media="http://search.yahoo.com/mrss/" xml:lang="en-US">
  <id>tag:github.com,2008:/jcvl92/cs371p-life/commits/master</id>
  <link type="text/html" rel="alternate" href="https://github.com/jcvl92/cs371p-life/commits/master"/>
  <link type="application/atom+xml" rel="self" href="https://github.com/jcvl92/cs371p-life/commits/master.atom"/>
  <title>Recent Commits to cs371p-life:master</title>
  <updated>2013-04-24T21:42:34-07:00</updated>
  <entry>
    <id>tag:github.com,2008:Grit::Commit/b54637eea7b2b4c0d473a6f884fc037f369aac91</id>
    <link type="text/html" rel="alternate" href="https://github.com/jcvl92/cs371p-life/commit/b54637eea7b2b4c0d473a6f884fc037f369aac91"/>
    <title>
        Fixed output
    </title>
    <updated>2013-04-24T21:42:34-07:00</updated>
    <media:thumbnail height="30" width="30" url="https://secure.gravatar.com/avatar/84128419ddb9908bbcfd88b80dbd10f9?s=30&amp;d=https://a248.e.akamai.net/assets.github.com%2Fimages%2Fgravatars%2Fgravatar-user-420.png"/>
    <author>
      <name>jcvl92</name>
      <uri>https://github.com/jcvl92</uri>
    </author>
    <content type="html">
      &lt;pre>m Life.h
m RunLife
m RunLife.c++
m RunLife.out
m TestLife
&lt;/pre>
      &lt;pre style='white-space:pre-wrap;width:81ex'>Fixed output&lt;/pre>
    </content>
  </entry>
  <entry>
    <id>tag:github.com,2008:Grit::Commit/e519ae2ce22ff51d933cd2539e1303994834396e</id>
    <link type="text/html" rel="alternate" href="https://github.com/jcvl92/cs371p-life/commit/e519ae2ce22ff51d933cd2539e1303994834396e"/>
    <title>
        Reran tests and edited unit tests
    </title>
    <updated>2013-04-24T21:27:55-07:00</updated>
    <media:thumbnail height="30" width="30" url="https://secure.gravatar.com/avatar/84128419ddb9908bbcfd88b80dbd10f9?s=30&amp;d=https://a248.e.akamai.net/assets.github.com%2Fimages%2Fgravatars%2Fgravatar-user-420.png"/>
    <author>
      <name>jcvl92</name>
      <uri>https://github.com/jcvl92</uri>
    </author>
    <content type="html">
      &lt;pre>m RunLife
m RunLife.out
m TestLife
m TestLife.c++
&lt;/pre>
      &lt;pre style='white-space:pre-wrap;width:81ex'>Reran tests and edited unit tests&lt;/pre>
    </content>
  </entry>
  <entry>
    <id>tag:github.com,2008:Grit::Commit/39e074db4a7822552d2f540631593fdc9d54fe7d</id>
    <link type="text/html" rel="alternate" href="https://github.com/jcvl92/cs371p-life/commit/39e074db4a7822552d2f540631593fdc9d54fe7d"/>
    <title>
        Fixed age issue
    </title>
    <updated>2013-04-24T21:15:10-07:00</updated>
    <media:thumbnail height="30" width="30" url="https://secure.gravatar.com/avatar/84128419ddb9908bbcfd88b80dbd10f9?s=30&amp;d=https://a248.e.akamai.net/assets.github.com%2Fimages%2Fgravatars%2Fgravatar-user-420.png"/>
    <author>
      <name>jcvl92</name>
      <uri>https://github.com/jcvl92</uri>
    </author>
    <content type="html">
      &lt;pre>m FredkinCell.c++
&lt;/pre>
      &lt;pre style='white-space:pre-wrap;width:81ex'>Fixed age issue&lt;/pre>
    </content>
  </entry>
  <entry>
    <id>tag:github.com,2008:Grit::Commit/3ede2190d94e1a771df204d51be4fea8a12cdfea</id>
    <link type="text/html" rel="alternate" href="https://github.com/jcvl92/cs371p-life/commit/3ede2190d94e1a771df204d51be4fea8a12cdfea"/>
    <title>
        Documentation created
    </title>
    <updated>2013-04-24T15:59:25-07:00</updated>
    <media:thumbnail height="30" width="30" url="https://secure.gravatar.com/avatar/84128419ddb9908bbcfd88b80dbd10f9?s=30&amp;d=https://a248.e.akamai.net/assets.github.com%2Fimages%2Fgravatars%2Fgravatar-user-420.png"/>
    <author>
      <name>jcvl92</name>
      <uri>https://github.com/jcvl92</uri>
    </author>
    <content type="html">
      &lt;pre>+ Doxyfile
+ html/AbstractCell_8c_09_09.html
+ html/AbstractCell_8h.html
+ html/AbstractCell_8h_source.html
+ html/Cell_8h.html
+ html/Cell_8h_source.html
+ html/ConwayCell_8c_09_09.html
+ html/ConwayCell_8h.html
+ html/ConwayCell_8h_source.html
+ html/FredkinCell_8c_09_09.html
+ html/FredkinCell_8h.html
+ html/FredkinCell_8h_source.html
+ html/Handle_8h.html
+ html/Handle_8h_source.html
+ html/Life_8h.html
+ html/Life_8h_source.html
+ html/RunLife_8c_09_09.html
+ html/TestLife_8c_09_09.html
+ html/annotated.html
+ html/classAbstractCell-members.html
+ html/classAbstractCell.html
+ html/classAbstractCell.png
+ html/classCell-members.html
+ html/classCell.html
+ html/classCell.png
+ html/classConwayCell-members.html
+ html/classConwayCell.html
+ html/classConwayCell.png
+ html/classFredkinCell-members.html
+ html/classFredkinCell.html
+ html/classFredkinCell.png
+ html/classHandle-members.html
+ html/classHandle.html
+ html/classLife-members.html
+ html/classLife.html
+ html/classes.html
+ html/doxygen.css
+ html/doxygen.png
+ html/files.html
+ html/functions.html
+ html/functions_func.html
+ html/functions_rela.html
+ html/functions_type.html
+ html/functions_vars.html
+ html/globals.html
+ html/globals_defs.html
+ html/globals_func.html
+ html/globals_vars.html
+ html/hierarchy.html
+ html/index.html
+ html/installdox
+ html/search/all_5f.html
+ html/search/all_61.html
+ html/search/all_63.html
+ html/search/all_66.html
+ html/search/all_67.html
+ html/search/all_68.html
+ html/search/all_69.html
+ html/search/all_6c.html
+ html/search/all_6d.html
+ html/search/all_6f.html
+ html/search/all_70.html
+ html/search/all_72.html
+ html/search/all_73.html
+ html/search/all_74.html
+ html/search/all_76.html
+ html/search/all_7e.html
+ html/search/classes_61.html
+ html/search/classes_63.html
+ html/search/classes_66.html
+ html/search/classes_68.html
+ html/search/classes_6c.html
+ html/search/classes_74.html
+ html/search/close.png
+ html/search/defines_63.html
+ html/search/defines_70.html
+ html/search/files_61.html
+ html/search/files_63.html
+ html/search/files_66.html
+ html/search/files_68.html
+ html/search/files_6c.html
+ html/search/files_72.html
+ html/search/files_74.html
+ html/search/functions_63.html
+ html/search/functions_66.html
+ html/search/functions_67.html
+ html/search/functions_68.html
+ html/search/functions_69.html
+ html/search/functions_6c.html
+ html/search/functions_6d.html
+ html/search/functions_6f.html
+ html/search/functions_70.html
+ html/search/functions_72.html
+ html/search/functions_73.html
+ html/search/functions_7e.html
+ html/search/nomatches.html
+ html/search/related_6f.html
+ html/search/search.css
+ html/search/search.js
+ html/search/search.png
+ html/search/typedefs_63.html
+ html/search/typedefs_70.html
+ html/search/typedefs_72.html
+ html/search/typedefs_76.html
+ html/search/variables_5f.html
+ html/search/variables_61.html
+ html/search/variables_66.html
+ html/search/variables_67.html
+ html/search/variables_6c.html
+ html/search/variables_70.html
+ html/structTestLife-members.html
+ html/structTestLife.html
+ html/tab_b.gif
+ html/tab_l.gif
+ html/tab_r.gif
+ html/tabs.css
&lt;/pre>
      &lt;pre style='white-space:pre-wrap;width:81ex'>Documentation created&lt;/pre>
    </content>
  </entry>
  <entry>
    <id>tag:github.com,2008:Grit::Commit/51e1584ee9603283b2fff02157eb4e686ed6db4e</id>
    <link type="text/html" rel="alternate" href="https://github.com/jcvl92/cs371p-life/commit/51e1584ee9603283b2fff02157eb4e686ed6db4e"/>
    <title>
        Comments finished
    </title>
    <updated>2013-04-24T15:40:59-07:00</updated>
    <media:thumbnail height="30" width="30" url="https://secure.gravatar.com/avatar/84128419ddb9908bbcfd88b80dbd10f9?s=30&amp;d=https://a248.e.akamai.net/assets.github.com%2Fimages%2Fgravatars%2Fgravatar-user-420.png"/>
    <author>
      <name>jcvl92</name>
      <uri>https://github.com/jcvl92</uri>
    </author>
    <content type="html">
      &lt;pre>m AbstractCell.h
m Cell.h
m ConwayCell.h
m FredkinCell.h
m Life.h
&lt;/pre>
      &lt;pre style='white-space:pre-wrap;width:81ex'>Comments finished

Code is ready for documentation&lt;/pre>
    </content>
  </entry>
  <entry>
    <id>tag:github.com,2008:Grit::Commit/2ac7e4144be405e14d5a0ba11f89f2e43c7050ff</id>
    <link type="text/html" rel="alternate" href="https://github.com/jcvl92/cs371p-life/commit/2ac7e4144be405e14d5a0ba11f89f2e43c7050ff"/>
    <title>
        Adjusted comments
    </title>
    <updated>2013-04-24T14:13:55-07:00</updated>
    <media:thumbnail height="30" width="30" url="https://secure.gravatar.com/avatar/84128419ddb9908bbcfd88b80dbd10f9?s=30&amp;d=https://a248.e.akamai.net/assets.github.com%2Fimages%2Fgravatars%2Fgravatar-user-420.png"/>
    <author>
      <name>jcvl92</name>
      <uri>https://github.com/jcvl92</uri>
    </author>
    <content type="html">
      &lt;pre>m AbstractCell.c++
m AbstractCell.h
m Cell.h
m FredkinCell.c++
m Life.h
&lt;/pre>
      &lt;pre style='white-space:pre-wrap;width:81ex'>Adjusted comments&lt;/pre>
    </content>
  </entry>
  <entry>
    <id>tag:github.com,2008:Grit::Commit/5efeca96f66433b43af6fab20c5ef9f0a71422f3</id>
    <link type="text/html" rel="alternate" href="https://github.com/jcvl92/cs371p-life/commit/5efeca96f66433b43af6fab20c5ef9f0a71422f3"/>
    <title>
        UML diagram created
    </title>
    <updated>2013-04-24T14:02:41-07:00</updated>
    <media:thumbnail height="30" width="30" url="https://secure.gravatar.com/avatar/84128419ddb9908bbcfd88b80dbd10f9?s=30&amp;d=https://a248.e.akamai.net/assets.github.com%2Fimages%2Fgravatars%2Fgravatar-user-420.png"/>
    <author>
      <name>jcvl92</name>
      <uri>https://github.com/jcvl92</uri>
    </author>
    <content type="html">
      &lt;pre>+ Life.pdf
+ life_uml.txt
&lt;/pre>
      &lt;pre style='white-space:pre-wrap;width:81ex'>UML diagram created&lt;/pre>
    </content>
  </entry>
  <entry>
    <id>tag:github.com,2008:Grit::Commit/b4308b34d3736732d5fe4f3aa7520bf26019ed36</id>
    <link type="text/html" rel="alternate" href="https://github.com/jcvl92/cs371p-life/commit/b4308b34d3736732d5fe4f3aa7520bf26019ed36"/>
    <title>
        Fixed memory leak and adjusted files
    </title>
    <updated>2013-04-24T13:28:34-07:00</updated>
    <media:thumbnail height="30" width="30" url="https://secure.gravatar.com/avatar/84128419ddb9908bbcfd88b80dbd10f9?s=30&amp;d=https://a248.e.akamai.net/assets.github.com%2Fimages%2Fgravatars%2Fgravatar-user-420.png"/>
    <author>
      <name>jcvl92</name>
      <uri>https://github.com/jcvl92</uri>
    </author>
    <content type="html">
      &lt;pre>m FredkinCell.c++
- Hande.h
m Life.h
m RunLife
m RunLife.out
- RunLife.out_sup
+ TestLife
m TestLife.c++
+ TestLife.out
m makefile
&lt;/pre>
      &lt;pre style='white-space:pre-wrap;width:81ex'>Fixed memory leak and adjusted files

Code now passes all tests.&lt;/pre>
    </content>
  </entry>
  <entry>
    <id>tag:github.com,2008:Grit::Commit/32427d2508b50240e1143d3c366252b368858cb7</id>
    <link type="text/html" rel="alternate" href="https://github.com/jcvl92/cs371p-life/commit/32427d2508b50240e1143d3c366252b368858cb7"/>
    <title>
        Fixed output spacing and test Life calls
    </title>
    <updated>2013-04-24T12:52:00-07:00</updated>
    <media:thumbnail height="30" width="30" url="https://secure.gravatar.com/avatar/84128419ddb9908bbcfd88b80dbd10f9?s=30&amp;d=https://a248.e.akamai.net/assets.github.com%2Fimages%2Fgravatars%2Fgravatar-user-420.png"/>
    <author>
      <name>jcvl92</name>
      <uri>https://github.com/jcvl92</uri>
    </author>
    <content type="html">
      &lt;pre>m Life.h
m TestLife.c++
&lt;/pre>
      &lt;pre style='white-space:pre-wrap;width:81ex'>Fixed output spacing and test Life calls&lt;/pre>
    </content>
  </entry>
  <entry>
    <id>tag:github.com,2008:Grit::Commit/fa1dd64a068457f1117e81bfefadcf9c30426ce8</id>
    <link type="text/html" rel="alternate" href="https://github.com/jcvl92/cs371p-life/commit/fa1dd64a068457f1117e81bfefadcf9c30426ce8"/>
    <title>
        Finished writing tests.
    </title>
    <updated>2013-04-24T12:32:50-07:00</updated>
    <media:thumbnail height="30" width="30" url="https://secure.gravatar.com/avatar/84128419ddb9908bbcfd88b80dbd10f9?s=30&amp;d=https://a248.e.akamai.net/assets.github.com%2Fimages%2Fgravatars%2Fgravatar-user-420.png"/>
    <author>
      <name>jcvl92</name>
      <uri>https://github.com/jcvl92</uri>
    </author>
    <content type="html">
      &lt;pre>m TestLife.c++
&lt;/pre>
      &lt;pre style='white-space:pre-wrap;width:81ex'>Finished writing tests.&lt;/pre>
    </content>
  </entry>
  <entry>
    <id>tag:github.com,2008:Grit::Commit/e4ba8437061154afe6ee8c256b33fbfd66ce0893</id>
    <link type="text/html" rel="alternate" href="https://github.com/jcvl92/cs371p-life/commit/e4ba8437061154afe6ee8c256b33fbfd66ce0893"/>
    <title>
        More tests written
    </title>
    <updated>2013-04-24T10:47:56-07:00</updated>
    <media:thumbnail height="30" width="30" url="https://secure.gravatar.com/avatar/84128419ddb9908bbcfd88b80dbd10f9?s=30&amp;d=https://a248.e.akamai.net/assets.github.com%2Fimages%2Fgravatars%2Fgravatar-user-420.png"/>
    <author>
      <name>jcvl92</name>
      <uri>https://github.com/jcvl92</uri>
    </author>
    <content type="html">
      &lt;pre>m TestLife.c++
&lt;/pre>
      &lt;pre style='white-space:pre-wrap;width:81ex'>More tests written&lt;/pre>
    </content>
  </entry>
  <entry>
    <id>tag:github.com,2008:Grit::Commit/5df0577716af092b1885a2643563aab60db0bf47</id>
    <link type="text/html" rel="alternate" href="https://github.com/jcvl92/cs371p-life/commit/5df0577716af092b1885a2643563aab60db0bf47"/>
    <title>
        Started unit tests
    </title>
    <updated>2013-04-24T10:18:02-07:00</updated>
    <media:thumbnail height="30" width="30" url="https://secure.gravatar.com/avatar/84128419ddb9908bbcfd88b80dbd10f9?s=30&amp;d=https://a248.e.akamai.net/assets.github.com%2Fimages%2Fgravatars%2Fgravatar-user-420.png"/>
    <author>
      <name>jcvl92</name>
      <uri>https://github.com/jcvl92</uri>
    </author>
    <content type="html">
      &lt;pre>+ TestLife.c++
&lt;/pre>
      &lt;pre style='white-space:pre-wrap;width:81ex'>Started unit tests&lt;/pre>
    </content>
  </entry>
  <entry>
    <id>tag:github.com,2008:Grit::Commit/be1ec10aeffab4d2755cedc15e3e2dd5938e16fe</id>
    <link type="text/html" rel="alternate" href="https://github.com/jcvl92/cs371p-life/commit/be1ec10aeffab4d2755cedc15e3e2dd5938e16fe"/>
    <title>
        Tests run
    </title>
    <updated>2013-04-24T09:08:49-07:00</updated>
    <media:thumbnail height="30" width="30" url="https://secure.gravatar.com/avatar/84128419ddb9908bbcfd88b80dbd10f9?s=30&amp;d=https://a248.e.akamai.net/assets.github.com%2Fimages%2Fgravatars%2Fgravatar-user-420.png"/>
    <author>
      <name>jcvl92</name>
      <uri>https://github.com/jcvl92</uri>
    </author>
    <content type="html">
      &lt;pre>m RunLife
m RunLife.c++
m RunLife.out
&lt;/pre>
      &lt;pre style='white-space:pre-wrap;width:81ex'>Tests run&lt;/pre>
    </content>
  </entry>
  <entry>
    <id>tag:github.com,2008:Grit::Commit/53ed45f7b67dd16d50b022cbbafeac73ffe74bf8</id>
    <link type="text/html" rel="alternate" href="https://github.com/jcvl92/cs371p-life/commit/53ed45f7b67dd16d50b022cbbafeac73ffe74bf8"/>
    <title>
        Wrote acceptance tests
    </title>
    <updated>2013-04-24T09:02:36-07:00</updated>
    <media:thumbnail height="30" width="30" url="https://secure.gravatar.com/avatar/84128419ddb9908bbcfd88b80dbd10f9?s=30&amp;d=https://a248.e.akamai.net/assets.github.com%2Fimages%2Fgravatars%2Fgravatar-user-420.png"/>
    <author>
      <name>jcvl92</name>
      <uri>https://github.com/jcvl92</uri>
    </author>
    <content type="html">
      &lt;pre>m RunLife.c++
&lt;/pre>
      &lt;pre style='white-space:pre-wrap;width:81ex'>Wrote acceptance tests&lt;/pre>
    </content>
  </entry>
  <entry>
    <id>tag:github.com,2008:Grit::Commit/12f0e4189ef091574e3036f2014bcc0b6359ce6d</id>
    <link type="text/html" rel="alternate" href="https://github.com/jcvl92/cs371p-life/commit/12f0e4189ef091574e3036f2014bcc0b6359ce6d"/>
    <title>
        Fixed setLife() error
    </title>
    <updated>2013-04-24T02:08:39-07:00</updated>
    <media:thumbnail height="30" width="30" url="https://secure.gravatar.com/avatar/84128419ddb9908bbcfd88b80dbd10f9?s=30&amp;d=https://a248.e.akamai.net/assets.github.com%2Fimages%2Fgravatars%2Fgravatar-user-420.png"/>
    <author>
      <name>jcvl92</name>
      <uri>https://github.com/jcvl92</uri>
    </author>
    <content type="html">
      &lt;pre>m Cell.h
m FredkinCell.c++
m Life.h
m RunLife
m RunLife.out
&lt;/pre>
      &lt;pre style='white-space:pre-wrap;width:81ex'>Fixed setLife() error

Basic tests now pass.&lt;/pre>
    </content>
  </entry>
  <entry>
    <id>tag:github.com,2008:Grit::Commit/14b985093a0124834ad296e2e3b2a883d7c1cea2</id>
    <link type="text/html" rel="alternate" href="https://github.com/jcvl92/cs371p-life/commit/14b985093a0124834ad296e2e3b2a883d7c1cea2"/>
    <title>
        Code working
    </title>
    <updated>2013-04-24T01:46:19-07:00</updated>
    <media:thumbnail height="30" width="30" url="https://secure.gravatar.com/avatar/84128419ddb9908bbcfd88b80dbd10f9?s=30&amp;d=https://a248.e.akamai.net/assets.github.com%2Fimages%2Fgravatars%2Fgravatar-user-420.png"/>
    <author>
      <name>jcvl92</name>
      <uri>https://github.com/jcvl92</uri>
    </author>
    <content type="html">
      &lt;pre>m FredkinCell.c++
m Life.h
m RunLife
m RunLife.c++
m RunLife.out
&lt;/pre>
      &lt;pre style='white-space:pre-wrap;width:81ex'>Code working

Fixed a few output errors.&lt;/pre>
    </content>
  </entry>
  <entry>
    <id>tag:github.com,2008:Grit::Commit/95833bb458ebc669bfeb2af5ae0a0d0d60eec679</id>
    <link type="text/html" rel="alternate" href="https://github.com/jcvl92/cs371p-life/commit/95833bb458ebc669bfeb2af5ae0a0d0d60eec679"/>
    <title>
        Apparently working code
    </title>
    <updated>2013-04-24T01:22:53-07:00</updated>
    <media:thumbnail height="30" width="30" url="https://secure.gravatar.com/avatar/84128419ddb9908bbcfd88b80dbd10f9?s=30&amp;d=https://a248.e.akamai.net/assets.github.com%2Fimages%2Fgravatars%2Fgravatar-user-420.png"/>
    <author>
      <name>jcvl92</name>
      <uri>https://github.com/jcvl92</uri>
    </author>
    <content type="html">
      &lt;pre>m AbstractCell.c++
m AbstractCell.h
m Cell.h
m ConwayCell.c++
m ConwayCell.h
m FredkinCell.c++
m Life.h
m RunLife
m RunLife.c++
m RunLife.out
&lt;/pre>
      &lt;pre style='white-space:pre-wrap;width:81ex'>Apparently working code&lt;/pre>
    </content>
  </entry>
  <entry>
    <id>tag:github.com,2008:Grit::Commit/e0fdb430135956a04df018a0cf474d36c53fedaf</id>
    <link type="text/html" rel="alternate" href="https://github.com/jcvl92/cs371p-life/commit/e0fdb430135956a04df018a0cf474d36c53fedaf"/>
    <title>
        Various changes
    </title>
    <updated>2013-04-24T00:12:45-07:00</updated>
    <media:thumbnail height="30" width="30" url="https://secure.gravatar.com/avatar/84128419ddb9908bbcfd88b80dbd10f9?s=30&amp;d=https://a248.e.akamai.net/assets.github.com%2Fimages%2Fgravatars%2Fgravatar-user-420.png"/>
    <author>
      <name>jcvl92</name>
      <uri>https://github.com/jcvl92</uri>
    </author>
    <content type="html">
      &lt;pre>m AbstractCell.c++
m AbstractCell.h
m Cell.h
m ConwayCell.c++
m ConwayCell.h
m FredkinCell.c++
m FredkinCell.h
m Life.h
m RunLife
m RunLife.c++
m RunLife.out
&lt;/pre>
      &lt;pre style='white-space:pre-wrap;width:81ex'>Various changes

About to change the constructors.&lt;/pre>
    </content>
  </entry>
  <entry>
    <id>tag:github.com,2008:Grit::Commit/e23caac39bd2e204c4a4eac7aaf25fa0276c92e3</id>
    <link type="text/html" rel="alternate" href="https://github.com/jcvl92/cs371p-life/commit/e23caac39bd2e204c4a4eac7aaf25fa0276c92e3"/>
    <title>
        Debugging ConwayCell
    </title>
    <updated>2013-04-23T16:07:21-07:00</updated>
    <media:thumbnail height="30" width="30" url="https://secure.gravatar.com/avatar/84128419ddb9908bbcfd88b80dbd10f9?s=30&amp;d=https://a248.e.akamai.net/assets.github.com%2Fimages%2Fgravatars%2Fgravatar-user-420.png"/>
    <author>
      <name>jcvl92</name>
      <uri>https://github.com/jcvl92</uri>
    </author>
    <content type="html">
      &lt;pre>m ConwayCell.c++
m FredkinCell.c++
m Life.h
m RunLife
m RunLife.c++
m RunLife.out
+ RunLife.out_sup
m makefile
&lt;/pre>
      &lt;pre style='white-space:pre-wrap;width:81ex'>Debugging ConwayCell&lt;/pre>
    </content>
  </entry>
  <entry>
    <id>tag:github.com,2008:Grit::Commit/d6c1743747d35f1d2db30188866737571c36ef35</id>
    <link type="text/html" rel="alternate" href="https://github.com/jcvl92/cs371p-life/commit/d6c1743747d35f1d2db30188866737571c36ef35"/>
    <title>
        Handle renamed, compilation errors fixed.
    </title>
    <updated>2013-04-23T15:22:46-07:00</updated>
    <media:thumbnail height="30" width="30" url="https://secure.gravatar.com/avatar/84128419ddb9908bbcfd88b80dbd10f9?s=30&amp;d=https://a248.e.akamai.net/assets.github.com%2Fimages%2Fgravatars%2Fgravatar-user-420.png"/>
    <author>
      <name>jcvl92</name>
      <uri>https://github.com/jcvl92</uri>
    </author>
    <content type="html">
      &lt;pre>m AbstractCell.c++
m AbstractCell.h
m Cell.h
m ConwayCell.c++
m ConwayCell.h
m FredkinCell.c++
m FredkinCell.h
+ Handle.h
m Life.h
+ RunLife
m RunLife.c++
m makefile
&lt;/pre>
      &lt;pre style='white-space:pre-wrap;width:81ex'>Handle renamed, compilation errors fixed.

Can now read in and write out grids.&lt;/pre>
    </content>
  </entry>
</feed>
